[debug] [2026-02-01T23:02:39.232Z] ----------------------------------------------------------------------
[debug] [2026-02-01T23:02:39.234Z] Command:       /home/ibjjr/.nvm/versions/node/v20.20.0/bin/node /home/ibjjr/.nvm/versions/node/v20.20.0/bin/firebase init
[debug] [2026-02-01T23:02:39.234Z] CLI Version:   15.5.1
[debug] [2026-02-01T23:02:39.234Z] Platform:      linux
[debug] [2026-02-01T23:02:39.235Z] Node Version:  v20.20.0
[debug] [2026-02-01T23:02:39.235Z] Time:          Sun Feb 01 2026 15:02:39 GMT-0800 (Pacific Standard Time)
[debug] [2026-02-01T23:02:39.235Z] ----------------------------------------------------------------------
[debug] 
[info] 
     ######## #### ########  ######## ########     ###     ######  ########
     ##        ##  ##     ## ##       ##     ##  ##   ##  ##       ##
     ######    ##  ########  ######   ########  #########  ######  ######
     ##        ##  ##    ##  ##       ##     ## ##     ##       ## ##
     ##       #### ##     ## ######## ########  ##     ##  ######  ########

You're about to initialize a Firebase project in this directory:

  /home/ibjjr/Project_AI_Merch/apps/frontend

[info] 
=== Project Setup
[info] 
[info] First, let's associate this project directory with a Firebase project.
[info] You can create multiple project aliases by running firebase use --add, 
[info] 
[debug] [2026-02-01T23:06:34.684Z] > command requires scopes: ["email","openid","https://www.googleapis.com/auth/cloudplatformprojects.readonly","https://www.googleapis.com/auth/firebase","https://www.googleapis.com/auth/cloud-platform"]
[debug] [2026-02-01T23:06:34.684Z] > authorizing via signed-in user (jrwldjr@gmail.com)
[debug] [2026-02-01T23:06:34.685Z] Checked if tokens are valid: true, expires at: 1769990459164
[debug] [2026-02-01T23:06:34.685Z] Checked if tokens are valid: true, expires at: 1769990459164
[debug] [2026-02-01T23:06:34.687Z] >>> [apiv2][query] GET https://firebase.googleapis.com/v1beta1/projects pageSize=100
[debug] [2026-02-01T23:06:35.158Z] <<< [apiv2][status] GET https://firebase.googleapis.com/v1beta1/projects 200
[debug] [2026-02-01T23:06:35.159Z] <<< [apiv2][body] GET https://firebase.googleapis.com/v1beta1/projects [omitted]
[debug] [2026-02-01T23:14:04.733Z] ExitPromptError: User force closed the prompt with SIGINT
    at Interface.sigint (/home/ibjjr/.nvm/versions/node/v20.20.0/lib/node_modules/firebase-tools/node_modules/@inquirer/core/dist/commonjs/lib/create-prompt.js:101:37)
    at Interface.emit (node:events:524:28)
    at [_ttyWrite] [as _ttyWrite] (node:internal/readline/interface:1134:18)
    at ReadStream.onkeypress (node:internal/readline/interface:267:20)
    at ReadStream.emit (node:events:536:35)
    at emitKeys (node:internal/readline/utils:371:14)
    at emitKeys.next (<anonymous>)
    at ReadStream.onData (node:internal/readline/emitKeypressEvents:64:36)
    at ReadStream.emit (node:events:524:28)
    at addChunk (node:internal/streams/readable:561:12)
[error] 
[error] Error: An unexpected error has occurred.
